<?xml version="1.0" encoding="UTF-8"?>
<testng-results ignored="0" total="1" passed="1" failed="0" skipped="0">
  <reporter-output>
  </reporter-output>
  <suite started-at="2024-02-16T13:50:17 IST" name="Default suite" finished-at="2024-02-16T13:51:20 IST" duration-ms="63110">
    <groups>
      <group name="cucumber">
        <method signature="AbstractTestNGCucumberTests.runScenario(io.cucumber.testng.PickleWrapper,io.cucumber.testng.FeatureWrapper)[pri:0, instance:runner.TestRunner@23f5b5dc]" name="runScenario" class="io.cucumber.testng.AbstractTestNGCucumberTests"/>
      </group> <!-- cucumber -->
    </groups>
    <test started-at="2024-02-16T13:50:17 IST" name="Default test" finished-at="2024-02-16T13:51:20 IST" duration-ms="63110">
      <class name="runner.TestRunner">
        <test-method is-config="true" signature="setUpClass(org.testng.ITestContext)[pri:0, instance:runner.TestRunner@23f5b5dc]" started-at="2024-02-16T13:50:17 IST" name="setUpClass" finished-at="2024-02-16T13:50:17 IST" duration-ms="484" status="PASS">
          <params>
            <param index="0">
              <value>
                <![CDATA[org.testng.TestRunner@22ae905f]]>
              </value>
            </param>
          </params>
          <reporter-output>
          </reporter-output>
        </test-method> <!-- setUpClass -->
        <test-method signature="runScenario(io.cucumber.testng.PickleWrapper,io.cucumber.testng.FeatureWrapper)[pri:0, instance:runner.TestRunner@23f5b5dc]" started-at="2024-02-16T13:50:17 IST" name="runScenario" description="Runs Cucumber Scenarios" data-provider="scenarios" finished-at="2024-02-16T13:51:17 IST" duration-ms="59958" status="PASS">
          <params>
            <param index="0">
              <value>
                <![CDATA["To Verify & check if user is able to add the item and delete the item from the cart"]]>
              </value>
            </param>
            <param index="1">
              <value>
                <![CDATA["Sanity testing for Fnp.AE"]]>
              </value>
            </param>
          </params>
          <reporter-output>
          </reporter-output>
        </test-method> <!-- runScenario -->
        <test-method is-config="true" signature="tearDownClass()[pri:0, instance:runner.TestRunner@23f5b5dc]" started-at="2024-02-16T13:51:17 IST" name="tearDownClass" finished-at="2024-02-16T13:51:20 IST" duration-ms="2619" status="PASS">
          <reporter-output>
          </reporter-output>
        </test-method> <!-- tearDownClass -->
      </class> <!-- runner.TestRunner -->
    </test> <!-- Default test -->
  </suite> <!-- Default suite -->
</testng-results>
