<?xml version="1.0" encoding="UTF-8"?>
<testng-results ignored="0" total="26" passed="26" failed="0" skipped="0">
  <reporter-output>
  </reporter-output>
  <suite started-at="2024-02-22T16:32:09 IST" name="Default suite" finished-at="2024-02-22T16:43:18 IST" duration-ms="668844">
    <groups>
      <group name="cucumber">
        <method signature="AbstractTestNGCucumberTests.runScenario(io.cucumber.testng.PickleWrapper,io.cucumber.testng.FeatureWrapper)[pri:0, instance:runner.TestRunner@5f8e8a9d]" name="runScenario" class="io.cucumber.testng.AbstractTestNGCucumberTests"/>
      </group> <!-- cucumber -->
    </groups>
    <test started-at="2024-02-22T16:32:09 IST" name="Default test" finished-at="2024-02-22T16:43:18 IST" duration-ms="668844">
      <class name="runner.TestRunner">
        <test-method is-config="true" signature="setUpClass(org.testng.ITestContext)[pri:0, instance:runner.TestRunner@5f8e8a9d]" started-at="2024-02-22T16:32:09 IST" name="setUpClass" finished-at="2024-02-22T16:32:09 IST" duration-ms="543" status="PASS">
          <params>
            <param index="0">
              <value>
                <![CDATA[org.testng.TestRunner@24287e5e]]>
              </value>
            </param>
          </params>
          <reporter-output>
          </reporter-output>
        </test-method> <!-- setUpClass -->
        <test-method signature="runScenario(io.cucumber.testng.PickleWrapper,io.cucumber.testng.FeatureWrapper)[pri:0, instance:runner.TestRunner@5f8e8a9d]" started-at="2024-02-22T16:32:09 IST" name="runScenario" description="Runs Cucumber Scenarios" data-provider="scenarios" finished-at="2024-02-22T16:32:45 IST" duration-ms="36060" status="PASS">
          <params>
            <param index="0">
              <value>
                <![CDATA["To verify that user is able to login from Account section using Google account"]]>
              </value>
            </param>
            <param index="1">
              <value>
                <![CDATA["Sanity testing for Fnp.AE"]]>
              </value>
            </param>
          </params>
          <reporter-output>
          </reporter-output>
        </test-method> <!-- runScenario -->
        <test-method signature="runScenario(io.cucumber.testng.PickleWrapper,io.cucumber.testng.FeatureWrapper)[pri:0, instance:runner.TestRunner@5f8e8a9d]" started-at="2024-02-22T16:32:45 IST" name="runScenario" description="Runs Cucumber Scenarios" data-provider="scenarios" finished-at="2024-02-22T16:32:57 IST" duration-ms="11567" status="PASS">
          <params>
            <param index="0">
              <value>
                <![CDATA["To verify that user is able to login from Account section using Normal Id flow"]]>
              </value>
            </param>
            <param index="1">
              <value>
                <![CDATA["Sanity testing for Fnp.AE"]]>
              </value>
            </param>
          </params>
          <reporter-output>
          </reporter-output>
        </test-method> <!-- runScenario -->
        <test-method signature="runScenario(io.cucumber.testng.PickleWrapper,io.cucumber.testng.FeatureWrapper)[pri:0, instance:runner.TestRunner@5f8e8a9d]" started-at="2024-02-22T16:32:57 IST" name="runScenario" description="Runs Cucumber Scenarios" data-provider="scenarios" finished-at="2024-02-22T16:33:20 IST" duration-ms="23171" status="PASS">
          <params>
            <param index="0">
              <value>
                <![CDATA["To verify that user is able to login from checkout flow using google account"]]>
              </value>
            </param>
            <param index="1">
              <value>
                <![CDATA["Sanity testing for Fnp.AE"]]>
              </value>
            </param>
          </params>
          <reporter-output>
          </reporter-output>
        </test-method> <!-- runScenario -->
        <test-method signature="runScenario(io.cucumber.testng.PickleWrapper,io.cucumber.testng.FeatureWrapper)[pri:0, instance:runner.TestRunner@5f8e8a9d]" started-at="2024-02-22T16:33:20 IST" name="runScenario" description="Runs Cucumber Scenarios" data-provider="scenarios" finished-at="2024-02-22T16:33:34 IST" duration-ms="13586" status="PASS">
          <params>
            <param index="0">
              <value>
                <![CDATA["To Verify & check if user is able to add the item and delete the item from the cart"]]>
              </value>
            </param>
            <param index="1">
              <value>
                <![CDATA["Sanity testing for Fnp.AE"]]>
              </value>
            </param>
          </params>
          <reporter-output>
          </reporter-output>
        </test-method> <!-- runScenario -->
        <test-method signature="runScenario(io.cucumber.testng.PickleWrapper,io.cucumber.testng.FeatureWrapper)[pri:0, instance:runner.TestRunner@5f8e8a9d]" started-at="2024-02-22T16:33:34 IST" name="runScenario" description="Runs Cucumber Scenarios" data-provider="scenarios" finished-at="2024-02-22T16:33:40 IST" duration-ms="6605" status="PASS">
          <params>
            <param index="0">
              <value>
                <![CDATA["To verify the user is able to search any product from the home page and PLP page and PDP page"]]>
              </value>
            </param>
            <param index="1">
              <value>
                <![CDATA["Sanity testing for Fnp.AE"]]>
              </value>
            </param>
          </params>
          <reporter-output>
          </reporter-output>
        </test-method> <!-- runScenario -->
        <test-method signature="runScenario(io.cucumber.testng.PickleWrapper,io.cucumber.testng.FeatureWrapper)[pri:0, instance:runner.TestRunner@5f8e8a9d]" started-at="2024-02-22T16:33:40 IST" name="runScenario" description="Runs Cucumber Scenarios" data-provider="scenarios" finished-at="2024-02-22T16:33:46 IST" duration-ms="5536" status="PASS">
          <params>
            <param index="0">
              <value>
                <![CDATA["To verify user is able to click static pages on the fotter section"]]>
              </value>
            </param>
            <param index="1">
              <value>
                <![CDATA["Sanity testing for Fnp.AE"]]>
              </value>
            </param>
          </params>
          <reporter-output>
          </reporter-output>
        </test-method> <!-- runScenario -->
        <test-method signature="runScenario(io.cucumber.testng.PickleWrapper,io.cucumber.testng.FeatureWrapper)[pri:0, instance:runner.TestRunner@5f8e8a9d]" started-at="2024-02-22T16:33:46 IST" name="runScenario" description="Runs Cucumber Scenarios" data-provider="scenarios" finished-at="2024-02-22T16:33:49 IST" duration-ms="3543" status="PASS">
          <params>
            <param index="0">
              <value>
                <![CDATA["To verify user is able to click help icon in home page"]]>
              </value>
            </param>
            <param index="1">
              <value>
                <![CDATA["Sanity testing for Fnp.AE"]]>
              </value>
            </param>
          </params>
          <reporter-output>
          </reporter-output>
        </test-method> <!-- runScenario -->
        <test-method signature="runScenario(io.cucumber.testng.PickleWrapper,io.cucumber.testng.FeatureWrapper)[pri:0, instance:runner.TestRunner@5f8e8a9d]" started-at="2024-02-22T16:33:49 IST" name="runScenario" description="Runs Cucumber Scenarios" data-provider="scenarios" finished-at="2024-02-22T16:34:08 IST" duration-ms="18758" status="PASS">
          <params>
            <param index="0">
              <value>
                <![CDATA["To verify user is able to create and delete the remainder"]]>
              </value>
            </param>
            <param index="1">
              <value>
                <![CDATA["Sanity testing for Fnp.AE"]]>
              </value>
            </param>
          </params>
          <reporter-output>
          </reporter-output>
        </test-method> <!-- runScenario -->
        <test-method signature="runScenario(io.cucumber.testng.PickleWrapper,io.cucumber.testng.FeatureWrapper)[pri:0, instance:runner.TestRunner@5f8e8a9d]" started-at="2024-02-22T16:34:08 IST" name="runScenario" description="Runs Cucumber Scenarios" data-provider="scenarios" finished-at="2024-02-22T16:34:56 IST" duration-ms="48152" status="PASS">
          <params>
            <param index="0">
              <value>
                <![CDATA["To verify that user is able to place the oder"]]>
              </value>
            </param>
            <param index="1">
              <value>
                <![CDATA["Sanity testing for Fnp.AE"]]>
              </value>
            </param>
          </params>
          <reporter-output>
          </reporter-output>
        </test-method> <!-- runScenario -->
        <test-method signature="runScenario(io.cucumber.testng.PickleWrapper,io.cucumber.testng.FeatureWrapper)[pri:0, instance:runner.TestRunner@5f8e8a9d]" started-at="2024-02-22T16:34:56 IST" name="runScenario" description="Runs Cucumber Scenarios" data-provider="scenarios" finished-at="2024-02-22T16:35:24 IST" duration-ms="27877" status="PASS">
          <params>
            <param index="0">
              <value>
                <![CDATA["user is able to add free message card"]]>
              </value>
            </param>
            <param index="1">
              <value>
                <![CDATA["Sanity testing for Fnp.AE"]]>
              </value>
            </param>
          </params>
          <reporter-output>
          </reporter-output>
        </test-method> <!-- runScenario -->
        <test-method signature="runScenario(io.cucumber.testng.PickleWrapper,io.cucumber.testng.FeatureWrapper)[pri:0, instance:runner.TestRunner@5f8e8a9d]" started-at="2024-02-22T16:35:24 IST" name="runScenario" description="Runs Cucumber Scenarios" data-provider="scenarios" finished-at="2024-02-22T16:35:53 IST" duration-ms="28360" status="PASS">
          <params>
            <param index="0">
              <value>
                <![CDATA["user is able to edit Address details in DA page"]]>
              </value>
            </param>
            <param index="1">
              <value>
                <![CDATA["Sanity testing for Fnp.AE"]]>
              </value>
            </param>
          </params>
          <reporter-output>
          </reporter-output>
        </test-method> <!-- runScenario -->
        <test-method signature="runScenario(io.cucumber.testng.PickleWrapper,io.cucumber.testng.FeatureWrapper)[pri:0, instance:runner.TestRunner@5f8e8a9d]" started-at="2024-02-22T16:35:53 IST" name="runScenario" description="Runs Cucumber Scenarios" data-provider="scenarios" finished-at="2024-02-22T16:36:12 IST" duration-ms="19173" status="PASS">
          <params>
            <param index="0">
              <value>
                <![CDATA["User is able to edit the sender details"]]>
              </value>
            </param>
            <param index="1">
              <value>
                <![CDATA["Sanity testing for Fnp.AE"]]>
              </value>
            </param>
          </params>
          <reporter-output>
          </reporter-output>
        </test-method> <!-- runScenario -->
        <test-method signature="runScenario(io.cucumber.testng.PickleWrapper,io.cucumber.testng.FeatureWrapper)[pri:0, instance:runner.TestRunner@5f8e8a9d]" started-at="2024-02-22T16:36:12 IST" name="runScenario" description="Runs Cucumber Scenarios" data-provider="scenarios" finished-at="2024-02-22T16:36:40 IST" duration-ms="28592" status="PASS">
          <params>
            <param index="0">
              <value>
                <![CDATA["User is able to add the coupon code"]]>
              </value>
            </param>
            <param index="1">
              <value>
                <![CDATA["Sanity testing for Fnp.AE"]]>
              </value>
            </param>
          </params>
          <reporter-output>
          </reporter-output>
        </test-method> <!-- runScenario -->
        <test-method signature="runScenario(io.cucumber.testng.PickleWrapper,io.cucumber.testng.FeatureWrapper)[pri:0, instance:runner.TestRunner@5f8e8a9d]" started-at="2024-02-22T16:36:40 IST" name="runScenario" description="Runs Cucumber Scenarios" data-provider="scenarios" finished-at="2024-02-22T16:37:19 IST" duration-ms="38241" status="PASS">
          <params>
            <param index="0">
              <value>
                <![CDATA["To verify that user is able to add new address"]]>
              </value>
            </param>
            <param index="1">
              <value>
                <![CDATA["Sanity testing for Fnp.AE"]]>
              </value>
            </param>
          </params>
          <reporter-output>
          </reporter-output>
        </test-method> <!-- runScenario -->
        <test-method signature="runScenario(io.cucumber.testng.PickleWrapper,io.cucumber.testng.FeatureWrapper)[pri:0, instance:runner.TestRunner@5f8e8a9d]" started-at="2024-02-22T16:37:19 IST" name="runScenario" description="Runs Cucumber Scenarios" data-provider="scenarios" finished-at="2024-02-22T16:37:24 IST" duration-ms="5096" status="PASS">
          <params>
            <param index="0">
              <value>
                <![CDATA["To verify user is able to select any search option from drop down"]]>
              </value>
            </param>
            <param index="1">
              <value>
                <![CDATA["Sanity testing for Fnp.AE"]]>
              </value>
            </param>
          </params>
          <reporter-output>
          </reporter-output>
        </test-method> <!-- runScenario -->
        <test-method signature="runScenario(io.cucumber.testng.PickleWrapper,io.cucumber.testng.FeatureWrapper)[pri:0, instance:runner.TestRunner@5f8e8a9d]" started-at="2024-02-22T16:37:24 IST" name="runScenario" description="Runs Cucumber Scenarios" data-provider="scenarios" finished-at="2024-02-22T16:37:26 IST" duration-ms="2740" status="PASS">
          <params>
            <param index="0">
              <value>
                <![CDATA["To verify if user is ablet ot switch from Enlish to Arbic site"]]>
              </value>
            </param>
            <param index="1">
              <value>
                <![CDATA["Sanity testing for Fnp.AE"]]>
              </value>
            </param>
          </params>
          <reporter-output>
          </reporter-output>
        </test-method> <!-- runScenario -->
        <test-method signature="runScenario(io.cucumber.testng.PickleWrapper,io.cucumber.testng.FeatureWrapper)[pri:0, instance:runner.TestRunner@5f8e8a9d]" started-at="2024-02-22T16:37:26 IST" name="runScenario" description="Runs Cucumber Scenarios" data-provider="scenarios" finished-at="2024-02-22T16:38:44 IST" duration-ms="77257" status="PASS">
          <params>
            <param index="0">
              <value>
                <![CDATA["To verify if user able to add add-ons from DA page"]]>
              </value>
            </param>
            <param index="1">
              <value>
                <![CDATA["Sanity testing for Fnp.AE"]]>
              </value>
            </param>
          </params>
          <reporter-output>
          </reporter-output>
        </test-method> <!-- runScenario -->
        <test-method signature="runScenario(io.cucumber.testng.PickleWrapper,io.cucumber.testng.FeatureWrapper)[pri:0, instance:runner.TestRunner@5f8e8a9d]" started-at="2024-02-22T16:38:44 IST" name="runScenario" description="Runs Cucumber Scenarios" data-provider="scenarios" finished-at="2024-02-22T16:39:03 IST" duration-ms="18828" status="PASS">
          <params>
            <param index="0">
              <value>
                <![CDATA["To verify that user is able to login from Account section using Normal Id flow"]]>
              </value>
            </param>
            <param index="1">
              <value>
                <![CDATA["Sanity testing for Fnp.AE"]]>
              </value>
            </param>
          </params>
          <reporter-output>
          </reporter-output>
        </test-method> <!-- runScenario -->
        <test-method signature="runScenario(io.cucumber.testng.PickleWrapper,io.cucumber.testng.FeatureWrapper)[pri:0, instance:runner.TestRunner@5f8e8a9d]" started-at="2024-02-22T16:39:03 IST" name="runScenario" description="Runs Cucumber Scenarios" data-provider="scenarios" finished-at="2024-02-22T16:39:37 IST" duration-ms="34568" status="PASS">
          <params>
            <param index="0">
              <value>
                <![CDATA["To verify that user is able to make PNC from Paypal"]]>
              </value>
            </param>
            <param index="1">
              <value>
                <![CDATA["Sanity testing for Fnp.AE"]]>
              </value>
            </param>
          </params>
          <reporter-output>
          </reporter-output>
        </test-method> <!-- runScenario -->
        <test-method signature="runScenario(io.cucumber.testng.PickleWrapper,io.cucumber.testng.FeatureWrapper)[pri:0, instance:runner.TestRunner@5f8e8a9d]" started-at="2024-02-22T16:39:37 IST" name="runScenario" description="Runs Cucumber Scenarios" data-provider="scenarios" finished-at="2024-02-22T16:40:04 IST" duration-ms="27358" status="PASS">
          <params>
            <param index="0">
              <value>
                <![CDATA["To verify that user is able to delete product from DA page"]]>
              </value>
            </param>
            <param index="1">
              <value>
                <![CDATA["Sanity testing for Fnp.AE"]]>
              </value>
            </param>
          </params>
          <reporter-output>
          </reporter-output>
        </test-method> <!-- runScenario -->
        <test-method signature="runScenario(io.cucumber.testng.PickleWrapper,io.cucumber.testng.FeatureWrapper)[pri:0, instance:runner.TestRunner@5f8e8a9d]" started-at="2024-02-22T16:40:04 IST" name="runScenario" description="Runs Cucumber Scenarios" data-provider="scenarios" finished-at="2024-02-22T16:40:50 IST" duration-ms="45921" status="PASS">
          <params>
            <param index="0">
              <value>
                <![CDATA["To verify that user is able to create PNC order for a Cake category product"]]>
              </value>
            </param>
            <param index="1">
              <value>
                <![CDATA["Sanity testing for Fnp.AE"]]>
              </value>
            </param>
          </params>
          <reporter-output>
          </reporter-output>
        </test-method> <!-- runScenario -->
        <test-method signature="runScenario(io.cucumber.testng.PickleWrapper,io.cucumber.testng.FeatureWrapper)[pri:0, instance:runner.TestRunner@5f8e8a9d]" started-at="2024-02-22T16:40:50 IST" name="runScenario" description="Runs Cucumber Scenarios" data-provider="scenarios" finished-at="2024-02-22T16:41:25 IST" duration-ms="34610" status="PASS">
          <params>
            <param index="0">
              <value>
                <![CDATA["To verify that user is able to create PNC order for a Flower category product"]]>
              </value>
            </param>
            <param index="1">
              <value>
                <![CDATA["Sanity testing for Fnp.AE"]]>
              </value>
            </param>
          </params>
          <reporter-output>
          </reporter-output>
        </test-method> <!-- runScenario -->
        <test-method signature="runScenario(io.cucumber.testng.PickleWrapper,io.cucumber.testng.FeatureWrapper)[pri:0, instance:runner.TestRunner@5f8e8a9d]" started-at="2024-02-22T16:41:25 IST" name="runScenario" description="Runs Cucumber Scenarios" data-provider="scenarios" finished-at="2024-02-22T16:41:37 IST" duration-ms="11536" status="PASS">
          <params>
            <param index="0">
              <value>
                <![CDATA["To verify that user is able to login via New User Normal Flow"]]>
              </value>
            </param>
            <param index="1">
              <value>
                <![CDATA["Sanity testing for Fnp.AE"]]>
              </value>
            </param>
          </params>
          <reporter-output>
          </reporter-output>
        </test-method> <!-- runScenario -->
        <test-method signature="runScenario(io.cucumber.testng.PickleWrapper,io.cucumber.testng.FeatureWrapper)[pri:0, instance:runner.TestRunner@5f8e8a9d]" started-at="2024-02-22T16:41:37 IST" name="runScenario" description="Runs Cucumber Scenarios" data-provider="scenarios" finished-at="2024-02-22T16:42:02 IST" duration-ms="25328" status="PASS">
          <params>
            <param index="0">
              <value>
                <![CDATA["To verify that user is able to Sign Up/Registration with new user in checkout page"]]>
              </value>
            </param>
            <param index="1">
              <value>
                <![CDATA["Sanity testing for Fnp.AE"]]>
              </value>
            </param>
          </params>
          <reporter-output>
          </reporter-output>
        </test-method> <!-- runScenario -->
        <test-method signature="runScenario(io.cucumber.testng.PickleWrapper,io.cucumber.testng.FeatureWrapper)[pri:0, instance:runner.TestRunner@5f8e8a9d]" started-at="2024-02-22T16:42:02 IST" name="runScenario" description="Runs Cucumber Scenarios" data-provider="scenarios" finished-at="2024-02-22T16:42:33 IST" duration-ms="30890" status="PASS">
          <params>
            <param index="0">
              <value>
                <![CDATA["Verify & Check the functionality of editing delivery date and delivery type on DA page"]]>
              </value>
            </param>
            <param index="1">
              <value>
                <![CDATA["Sanity testing for Fnp.AE"]]>
              </value>
            </param>
          </params>
          <reporter-output>
          </reporter-output>
        </test-method> <!-- runScenario -->
        <test-method signature="runScenario(io.cucumber.testng.PickleWrapper,io.cucumber.testng.FeatureWrapper)[pri:0, instance:runner.TestRunner@5f8e8a9d]" started-at="2024-02-22T16:42:33 IST" name="runScenario" description="Runs Cucumber Scenarios" data-provider="scenarios" finished-at="2024-02-22T16:43:15 IST" duration-ms="42147" status="PASS">
          <params>
            <param index="0">
              <value>
                <![CDATA["Verify & check the funtionality of the procced to checkout button from My cart"]]>
              </value>
            </param>
            <param index="1">
              <value>
                <![CDATA["Sanity testing for Fnp.AE"]]>
              </value>
            </param>
          </params>
          <reporter-output>
          </reporter-output>
        </test-method> <!-- runScenario -->
        <test-method is-config="true" signature="tearDownClass()[pri:0, instance:runner.TestRunner@5f8e8a9d]" started-at="2024-02-22T16:43:15 IST" name="tearDownClass" finished-at="2024-02-22T16:43:18 IST" duration-ms="2722" status="PASS">
          <reporter-output>
          </reporter-output>
        </test-method> <!-- tearDownClass -->
      </class> <!-- runner.TestRunner -->
    </test> <!-- Default test -->
  </suite> <!-- Default suite -->
</testng-results>
